2025-03-28 15:09:54.521710 - Received CBT.V508.FILE074.PDS from FILE074.XMI 
2025-03-28 15:09:54.523633 - Found $$$#DATE.txt (text/plain) in CBT.V508.FILE074.PDS, moved to PDS/$$$#DATE
2025-03-28 15:09:54.524177 - Found $$PERMIT.txt (text/plain) in CBT.V508.FILE074.PDS, moved to PDS/$$PERMIT
2025-03-28 15:09:54.524695 - Found $ALLOC.txt (text/plain) in CBT.V508.FILE074.PDS, moved to PDS/$ALLOC
2025-03-28 15:09:54.525175 - Found $JULCAL.txt (text/plain) in CBT.V508.FILE074.PDS, moved to PDS/$JULCAL
2025-03-28 15:09:54.525606 - Found $STCK.txt (text/plain) in CBT.V508.FILE074.PDS, moved to PDS/$STCK
2025-03-28 15:09:54.526713 - Found $USERCVT.txt (text/plain) in CBT.V508.FILE074.PDS, moved to PDS/$USERCVT
2025-03-28 15:09:54.527467 - Found #RTN.txt (text/plain) in CBT.V508.FILE074.PDS, moved to PDS/#RTN
2025-03-28 15:09:54.528336 - Found #SLC.txt (text/plain) in CBT.V508.FILE074.PDS, moved to PDS/#SLC
2025-03-28 15:09:54.528833 - Found @AMODE.txt (text/plain) in CBT.V508.FILE074.PDS, moved to PDS/@AMODE
2025-03-28 15:09:54.529594 - Found @ASMCOMM.txt (text/plain) in CBT.V508.FILE074.PDS, moved to PDS/@ASMCOMM
2025-03-28 15:09:54.530133 - Found @FILE074.txt (text/plain) in CBT.V508.FILE074.PDS, moved to PDS/@FILE074
2025-03-28 15:09:54.530693 - Found @FINDUCB.txt (text/plain) in CBT.V508.FILE074.PDS, moved to PDS/@FINDUCB
2025-03-28 15:09:54.532777 - Found @JOBPARM.txt (text/plain) in CBT.V508.FILE074.PDS, moved to PDS/@JOBPARM
2025-03-28 15:09:54.533958 - Found @JPF1.txt (text/plain) in CBT.V508.FILE074.PDS, moved to PDS/@JPF1
2025-03-28 15:09:54.534926 - Found @JPF2.txt (text/plain) in CBT.V508.FILE074.PDS, moved to PDS/@JPF2
2025-03-28 15:09:54.536073 - Found @MDM0000.txt (text/plain) in CBT.V508.FILE074.PDS, moved to PDS/@MDM0000
2025-03-28 15:09:54.538209 - Found @RVDATA.txt (text/plain) in CBT.V508.FILE074.PDS, moved to PDS/@RVDATA
2025-03-28 15:09:54.538944 - Found @RVPARM.txt (text/plain) in CBT.V508.FILE074.PDS, moved to PDS/@RVPARM
2025-03-28 15:09:54.540732 - Found @STCK.txt (text/plain) in CBT.V508.FILE074.PDS, moved to PDS/@STCK
2025-03-28 15:09:54.541801 - Found @STCKD.txt (text/plain) in CBT.V508.FILE074.PDS, moved to PDS/@STCKD
2025-03-28 15:09:54.542478 - Found @WEEKDAY.txt (text/plain) in CBT.V508.FILE074.PDS, moved to PDS/@WEEKDAY
2025-03-28 15:09:54.543337 - Found ALCBLKSZ.txt (text/plain) in CBT.V508.FILE074.PDS, moved to PDS/ALCBLKSZ
2025-03-28 15:09:54.543953 - Found ALCBUFNO.txt (text/plain) in CBT.V508.FILE074.PDS, moved to PDS/ALCBUFNO
2025-03-28 15:09:54.545018 - Found ALCCC.txt (text/plain) in CBT.V508.FILE074.PDS, moved to PDS/ALCCC
2025-03-28 15:09:54.545949 - Found ALCCOPYS.txt (text/plain) in CBT.V508.FILE074.PDS, moved to PDS/ALCCOPYS
2025-03-28 15:09:54.546541 - Found ALCDD.txt (text/plain) in CBT.V508.FILE074.PDS, moved to PDS/ALCDD
2025-03-28 15:09:54.547269 - Found ALCDEST.txt (text/plain) in CBT.V508.FILE074.PDS, moved to PDS/ALCDEST
2025-03-28 15:09:54.548298 - Found ALCDISP.txt (text/plain) in CBT.V508.FILE074.PDS, moved to PDS/ALCDISP
2025-03-28 15:09:54.550534 - Found ALCDSN.txt (text/plain) in CBT.V508.FILE074.PDS, moved to PDS/ALCDSN
2025-03-28 15:09:54.551604 - Found ALCDUMMY.txt (text/plain) in CBT.V508.FILE074.PDS, moved to PDS/ALCDUMMY
2025-03-28 15:09:54.552437 - Found ALCERR.txt (text/plain) in CBT.V508.FILE074.PDS, moved to PDS/ALCERR
2025-03-28 15:09:54.552977 - Found ALCFCB.txt (text/plain) in CBT.V508.FILE074.PDS, moved to PDS/ALCFCB
2025-03-28 15:09:54.553896 - Found ALCFREE.txt (text/plain) in CBT.V508.FILE074.PDS, moved to PDS/ALCFREE
2025-03-28 15:09:54.554385 - Found ALCLRECL.txt (text/plain) in CBT.V508.FILE074.PDS, moved to PDS/ALCLRECL
2025-03-28 15:09:54.560024 - Found ALCMBR.txt (text/plain) in CBT.V508.FILE074.PDS, moved to PDS/ALCMBR
2025-03-28 15:09:54.561258 - Found ALCMODEL.txt (text/plain) in CBT.V508.FILE074.PDS, moved to PDS/ALCMODEL
2025-03-28 15:09:54.562448 - Found ALCOUTPT.txt (text/plain) in CBT.V508.FILE074.PDS, moved to PDS/ALCOUTPT
2025-03-28 15:09:54.564182 - Found ALCRECFM.txt (text/plain) in CBT.V508.FILE074.PDS, moved to PDS/ALCRECFM
2025-03-28 15:09:54.565255 - Found ALCRETDD.txt (text/plain) in CBT.V508.FILE074.PDS, moved to PDS/ALCRETDD
2025-03-28 15:09:54.566201 - Found ALCRETDS.txt (text/plain) in CBT.V508.FILE074.PDS, moved to PDS/ALCRETDS
2025-03-28 15:09:54.566777 - Found ALCRLSE.txt (text/plain) in CBT.V508.FILE074.PDS, moved to PDS/ALCRLSE
2025-03-28 15:09:54.567582 - Found ALCSPACE.txt (text/plain) in CBT.V508.FILE074.PDS, moved to PDS/ALCSPACE
2025-03-28 15:09:54.568474 - Found ALCSSOUT.txt (text/plain) in CBT.V508.FILE074.PDS, moved to PDS/ALCSSOUT
2025-03-28 15:09:54.570205 - Found ALCTERM.txt (text/plain) in CBT.V508.FILE074.PDS, moved to PDS/ALCTERM
2025-03-28 15:09:54.572298 - Found ALCUDISP.txt (text/plain) in CBT.V508.FILE074.PDS, moved to PDS/ALCUDISP
2025-03-28 15:09:54.573128 - Found ALCUNAL.txt (text/plain) in CBT.V508.FILE074.PDS, moved to PDS/ALCUNAL
2025-03-28 15:09:54.574001 - Found ALCUNIT.txt (text/plain) in CBT.V508.FILE074.PDS, moved to PDS/ALCUNIT
2025-03-28 15:09:54.574977 - Found ALCVOL.txt (text/plain) in CBT.V508.FILE074.PDS, moved to PDS/ALCVOL
2025-03-28 15:09:54.575940 - Found NASPA.txt (text/plain) in CBT.V508.FILE074.PDS, moved to PDS/NASPA
2025-03-28 15:09:54.576645 - Found PXPIRFLD.txt (text/plain) in CBT.V508.FILE074.PDS, moved to PDS/PXPIRFLD
2025-03-28 15:09:54.577283 - Found QTGET.txt (text/plain) in CBT.V508.FILE074.PDS, moved to PDS/QTGET
2025-03-28 15:09:54.577863 - Found QTPUT.txt (text/plain) in CBT.V508.FILE074.PDS, moved to PDS/QTPUT
2025-03-28 15:09:54.578567 - Found SPF@MACS.txt (text/plain) in CBT.V508.FILE074.PDS, moved to PDS/SPF@MACS
2025-03-28 15:09:54.579181 - Found SPFALLOC.txt (text/plain) in CBT.V508.FILE074.PDS, moved to PDS/SPFALLOC
2025-03-28 15:09:54.580646 - Found SPFBRWSE.txt (text/plain) in CBT.V508.FILE074.PDS, moved to PDS/SPFBRWSE
2025-03-28 15:09:54.581856 - Found SPFCMDS.txt (text/plain) in CBT.V508.FILE074.PDS, moved to PDS/SPFCMDS
2025-03-28 15:09:54.582626 - Found SPFCRP.txt (text/plain) in CBT.V508.FILE074.PDS, moved to PDS/SPFCRP
2025-03-28 15:09:54.583441 - Found SPFDEQ.txt (text/plain) in CBT.V508.FILE074.PDS, moved to PDS/SPFDEQ
2025-03-28 15:09:54.584178 - Found SPFDS.txt (text/plain) in CBT.V508.FILE074.PDS, moved to PDS/SPFDS
2025-03-28 15:09:54.584862 - Found SPFDS1.txt (text/plain) in CBT.V508.FILE074.PDS, moved to PDS/SPFDS1
2025-03-28 15:09:54.585672 - Found SPFDS2.txt (text/plain) in CBT.V508.FILE074.PDS, moved to PDS/SPFDS2
2025-03-28 15:09:54.586314 - Found SPFDS4.txt (text/plain) in CBT.V508.FILE074.PDS, moved to PDS/SPFDS4
2025-03-28 15:09:54.587343 - Found SPFEDIT.txt (text/plain) in CBT.V508.FILE074.PDS, moved to PDS/SPFEDIT
2025-03-28 15:09:54.587881 - Found SPFENQ.txt (text/plain) in CBT.V508.FILE074.PDS, moved to PDS/SPFENQ
2025-03-28 15:09:54.588400 - Found SPFEXIT.txt (text/plain) in CBT.V508.FILE074.PDS, moved to PDS/SPFEXIT
2025-03-28 15:09:54.589056 - Found SPFINIT.txt (text/plain) in CBT.V508.FILE074.PDS, moved to PDS/SPFINIT
2025-03-28 15:09:54.589929 - Found SPFJOBNM.txt (text/plain) in CBT.V508.FILE074.PDS, moved to PDS/SPFJOBNM
2025-03-28 15:09:54.590735 - Found SPFLOC.txt (text/plain) in CBT.V508.FILE074.PDS, moved to PDS/SPFLOC
2025-03-28 15:09:54.591445 - Found SPFOBT.txt (text/plain) in CBT.V508.FILE074.PDS, moved to PDS/SPFOBT
2025-03-28 15:09:54.592108 - Found SPFRJUST.txt (text/plain) in CBT.V508.FILE074.PDS, moved to PDS/SPFRJUST
2025-03-28 15:09:54.592824 - Found SPFROW.txt (text/plain) in CBT.V508.FILE074.PDS, moved to PDS/SPFROW
2025-03-28 15:09:54.593582 - Found SPFSARG.txt (text/plain) in CBT.V508.FILE074.PDS, moved to PDS/SPFSARG
2025-03-28 15:09:54.594407 - Found SPFSPLAY.txt (text/plain) in CBT.V508.FILE074.PDS, moved to PDS/SPFSPLAY
2025-03-28 15:09:54.595466 - Found SPFSUB.txt (text/plain) in CBT.V508.FILE074.PDS, moved to PDS/SPFSUB
2025-03-28 15:09:54.596374 - Found SPFTAILR.txt (text/plain) in CBT.V508.FILE074.PDS, moved to PDS/SPFTAILR
2025-03-28 15:09:54.597298 - Found SPFTBCR.txt (text/plain) in CBT.V508.FILE074.PDS, moved to PDS/SPFTBCR
2025-03-28 15:09:54.597809 - Found SPFTBDIS.txt (text/plain) in CBT.V508.FILE074.PDS, moved to PDS/SPFTBDIS
2025-03-28 15:09:54.599163 - Found SPFTBL#.txt (text/plain) in CBT.V508.FILE074.PDS, moved to PDS/SPFTBL#
2025-03-28 15:09:54.599760 - Found SPFTBLOC.txt (text/plain) in CBT.V508.FILE074.PDS, moved to PDS/SPFTBLOC
2025-03-28 15:09:54.600211 - Found SPFTBLRS.txt (text/plain) in CBT.V508.FILE074.PDS, moved to PDS/SPFTBLRS
2025-03-28 15:09:54.604518 - Found SPFTCNT1.txt (text/plain) in CBT.V508.FILE074.PDS, moved to PDS/SPFTCNT1
2025-03-28 15:09:54.605100 - Found SPFTCNT2.txt (text/plain) in CBT.V508.FILE074.PDS, moved to PDS/SPFTCNT2
2025-03-28 15:09:54.605692 - Found SPFTEMP.txt (text/plain) in CBT.V508.FILE074.PDS, moved to PDS/SPFTEMP
2025-03-28 15:09:54.606240 - Found SPFVCOPY.txt (text/plain) in CBT.V508.FILE074.PDS, moved to PDS/SPFVCOPY
2025-03-28 15:09:54.606823 - Found SPFVDEF.txt (text/plain) in CBT.V508.FILE074.PDS, moved to PDS/SPFVDEF
2025-03-28 15:09:54.607904 - Found SPFVDEL.txt (text/plain) in CBT.V508.FILE074.PDS, moved to PDS/SPFVDEL
2025-03-28 15:09:54.609617 - Found SPFVGET.txt (text/plain) in CBT.V508.FILE074.PDS, moved to PDS/SPFVGET
2025-03-28 15:09:54.610398 - Found SPFVPUT.txt (text/plain) in CBT.V508.FILE074.PDS, moved to PDS/SPFVPUT
2025-03-28 15:09:54.611349 - Found SPFVREPL.txt (text/plain) in CBT.V508.FILE074.PDS, moved to PDS/SPFVREPL
